jyb/build/outputs/logs/manifest-merger-debug-report.txt
-- Merging decision tree log ---
manifest
ADDED from src\main\AndroidManifest.xml:2:1-407:12
	xmlns:android
		ADDED from src\main\AndroidManifest.xml:2:11-69
	package
		ADDED from src\main\AndroidManifest.xml:3:5-26
		INJECTED from src\main\AndroidManifest.xml
		INJECTED from src\main\AndroidManifest.xml
	android:versionName
		ADDED from src\main\AndroidManifest.xml:5:5-30
		INJECTED from src\main\AndroidManifest.xml
		INJECTED from src\main\AndroidManifest.xml
	android:versionCode
		ADDED from src\main\AndroidManifest.xml:4:5-28
		INJECTED from src\main\AndroidManifest.xml
		INJECTED from src\main\AndroidManifest.xml
uses-sdk
ADDED from src\main\AndroidManifest.xml:7:5-9:41
MERGED from [jyb:library:unspecified] AndroidManifest.xml:7:5-9:41
MERGED from [jyb:mPChartLib:unspecified] AndroidManifest.xml:7:5-9:41
MERGED from [com.android.support:support-v4:21.0.3] AndroidManifest.xml:15:5-42
	android:targetSdkVersion
		ADDED from src\main\AndroidManifest.xml:9:9-38
		INJECTED from src\main\AndroidManifest.xml
		INJECTED from src\main\AndroidManifest.xml
	android:minSdkVersion
		ADDED from src\main\AndroidManifest.xml:8:9-35
		INJECTED from src\main\AndroidManifest.xml
		INJECTED from src\main\AndroidManifest.xml
application
ADDED from src\main\AndroidManifest.xml:11:5-343:19
MERGED from [jyb:library:unspecified] AndroidManifest.xml:11:5-20
MERGED from [com.android.support:support-v4:21.0.3] AndroidManifest.xml:16:5-19
	android:label
		ADDED from src\main\AndroidManifest.xml:15:9-41
	android:allowBackup
		ADDED from src\main\AndroidManifest.xml:13:9-35
	android:icon
		ADDED from src\main\AndroidManifest.xml:14:9-45
	android:theme
		ADDED from src\main\AndroidManifest.xml:16:9-40
	android:name
		ADDED from src\main\AndroidManifest.xml:12:9-49
activity#com.lxb.jyb.activity.WelcomeActivity
ADDED from src\main\AndroidManifest.xml:17:9-30:20
	android:windowSoftInputMode
		ADDED from src\main\AndroidManifest.xml:24:13-52
	android:screenOrientation
		ADDED from src\main\AndroidManifest.xml:22:13-49
	android:label
		ADDED from src\main\AndroidManifest.xml:20:13-45
	android:configChanges
		ADDED from src\main\AndroidManifest.xml:19:13-74
	android:theme
		ADDED from src\main\AndroidManifest.xml:23:13-71
	android:name
		ADDED from src\main\AndroidManifest.xml:18:13-64
intent-filter#android.intent.action.MAIN+android.intent.category.LAUNCHER
ADDED from src\main\AndroidManifest.xml:25:13-29:29
action#android.intent.action.MAIN
ADDED from src\main\AndroidManifest.xml:26:17-69
	android:name
		ADDED from src\main\AndroidManifest.xml:26:25-66
category#android.intent.category.LAUNCHER
ADDED from src\main\AndroidManifest.xml:28:17-77
	android:name
		ADDED from src\main\AndroidManifest.xml:28:27-74
activity#com.lxb.jyb.activity.ViewPagerDemoActivity
ADDED from src\main\AndroidManifest.xml:31:9-36:20
	android:screenOrientation
		ADDED from src\main\AndroidManifest.xml:34:13-49
	android:configChanges
		ADDED from src\main\AndroidManifest.xml:33:13-74
	android:theme
		ADDED from src\main\AndroidManifest.xml:35:13-71
	android:name
		ADDED from src\main\AndroidManifest.xml:32:13-70
activity#com.lxb.jyb.activity.Activity_CZMM
ADDED from src\main\AndroidManifest.xml:37:9-41:20
	android:screenOrientation
		ADDED from src\main\AndroidManifest.xml:40:13-49
	android:configChanges
		ADDED from src\main\AndroidManifest.xml:39:13-74
	android:name
		ADDED from src\main\AndroidManifest.xml:38:13-62
activity#com.lxb.jyb.activity.Activity_TSTZ
ADDED from src\main\AndroidManifest.xml:42:9-46:20
	android:screenOrientation
		ADDED from src\main\AndroidManifest.xml:45:13-49
	android:configChanges
		ADDED from src\main\AndroidManifest.xml:44:13-74
	android:name
		ADDED from src\main\AndroidManifest.xml:43:13-62
activity#com.lxb.jyb.activity2.ImageList
ADDED from src\main\AndroidManifest.xml:47:9-51:20
	android:screenOrientation
		ADDED from src\main\AndroidManifest.xml:50:13-49
	android:configChanges
		ADDED from src\main\AndroidManifest.xml:49:13-74
	android:name
		ADDED from src\main\AndroidManifest.xml:48:13-59
activity#com.lxb.jyb.activity2.AlbumActivity
ADDED from src\main\AndroidManifest.xml:52:9-56:20
	android:screenOrientation
		ADDED from src\main\AndroidManifest.xml:55:13-49
	android:configChanges
		ADDED from src\main\AndroidManifest.xml:54:13-74
	android:name
		ADDED from src\main\AndroidManifest.xml:53:13-63
activity#com.lxb.jyb.activity.SetTimeActivity
ADDED from src\main\AndroidManifest.xml:57:9-61:20
	android:screenOrientation
		ADDED from src\main\AndroidManifest.xml:60:13-49
	android:configChanges
		ADDED from src\main\AndroidManifest.xml:59:13-74
	android:name
		ADDED from src\main\AndroidManifest.xml:58:13-64
activity#com.lxb.jyb.activity.KLineActivity
ADDED from src\main\AndroidManifest.xml:62:9-68:20
	android:screenOrientation
		ADDED from src\main\AndroidManifest.xml:67:13-50
	android:configChanges
		ADDED from src\main\AndroidManifest.xml:65:13-74
	android:theme
		ADDED from src\main\AndroidManifest.xml:64:13-71
	android:name
		ADDED from src\main\AndroidManifest.xml:63:13-62
activity#com.lxb.jyb.activity.CustomDialogActivity
ADDED from src\main\AndroidManifest.xml:69:9-78:20
	android:label
		ADDED from src\main\AndroidManifest.xml:71:13-40
	android:theme
		ADDED from src\main\AndroidManifest.xml:72:13-52
	android:name
		ADDED from src\main\AndroidManifest.xml:70:13-69
intent-filter#android.intent.action.MAIN+android.intent.category.SAMPLE_CODE
ADDED from src\main\AndroidManifest.xml:73:13-77:29
category#android.intent.category.SAMPLE_CODE
ADDED from src\main\AndroidManifest.xml:76:17-80
	android:name
		ADDED from src\main\AndroidManifest.xml:76:27-77
service#com.lxb.jyb.push.PollingService
ADDED from src\main\AndroidManifest.xml:80:9-84:19
	android:name
		ADDED from src\main\AndroidManifest.xml:80:18-64
intent-filter#com.ryantang.service.PollingService
ADDED from src\main\AndroidManifest.xml:81:13-83:29
action#com.ryantang.service.PollingService
ADDED from src\main\AndroidManifest.xml:82:17-78
	android:name
		ADDED from src\main\AndroidManifest.xml:82:25-75
activity#com.lxb.jyb.activity.Activity_ZHMM
ADDED from src\main\AndroidManifest.xml:86:9-90:20
	android:screenOrientation
		ADDED from src\main\AndroidManifest.xml:89:13-49
	android:configChanges
		ADDED from src\main\AndroidManifest.xml:88:13-74
	android:name
		ADDED from src\main\AndroidManifest.xml:87:13-62
activity#com.lxb.jyb.activity.Activity_LOGIN
ADDED from src\main\AndroidManifest.xml:91:9-95:20
	android:screenOrientation
		ADDED from src\main\AndroidManifest.xml:94:13-49
	android:configChanges
		ADDED from src\main\AndroidManifest.xml:93:13-74
	android:name
		ADDED from src\main\AndroidManifest.xml:92:13-63
activity#com.lxb.jyb.activity.Activity_LOGON
ADDED from src\main\AndroidManifest.xml:96:9-100:20
	android:screenOrientation
		ADDED from src\main\AndroidManifest.xml:99:13-49
	android:configChanges
		ADDED from src\main\AndroidManifest.xml:98:13-74
	android:name
		ADDED from src\main\AndroidManifest.xml:97:13-63
activity#com.lxb.jyb.activity.Activity_PUTINFO
ADDED from src\main\AndroidManifest.xml:101:9-105:20
	android:screenOrientation
		ADDED from src\main\AndroidManifest.xml:104:13-49
	android:configChanges
		ADDED from src\main\AndroidManifest.xml:103:13-74
	android:name
		ADDED from src\main\AndroidManifest.xml:102:13-65
activity#com.lxb.jyb.activity.Activity_YJFK
ADDED from src\main\AndroidManifest.xml:106:9-110:20
	android:screenOrientation
		ADDED from src\main\AndroidManifest.xml:109:13-49
	android:configChanges
		ADDED from src\main\AndroidManifest.xml:108:13-74
	android:name
		ADDED from src\main\AndroidManifest.xml:107:13-62
activity#com.lxb.jyb.activity.Activity_WDSC
ADDED from src\main\AndroidManifest.xml:111:9-116:20
	android:screenOrientation
		ADDED from src\main\AndroidManifest.xml:115:13-49
	android:configChanges
		ADDED from src\main\AndroidManifest.xml:113:13-74
	android:name
		ADDED from src\main\AndroidManifest.xml:112:13-62
	android:launchMode
		ADDED from src\main\AndroidManifest.xml:114:13-44
activity#com.lxb.jyb.activity.XieYiActivity
ADDED from src\main\AndroidManifest.xml:117:9-121:20
	android:screenOrientation
		ADDED from src\main\AndroidManifest.xml:120:13-49
	android:configChanges
		ADDED from src\main\AndroidManifest.xml:119:13-74
	android:name
		ADDED from src\main\AndroidManifest.xml:118:13-62
activity#com.lxb.jyb.activity.Activity_XGMM
ADDED from src\main\AndroidManifest.xml:122:9-126:20
	android:screenOrientation
		ADDED from src\main\AndroidManifest.xml:125:13-49
	android:configChanges
		ADDED from src\main\AndroidManifest.xml:124:13-74
	android:name
		ADDED from src\main\AndroidManifest.xml:123:13-62
activity#com.lxb.jyb.activity.Activity_Setting
ADDED from src\main\AndroidManifest.xml:127:9-131:20
	android:screenOrientation
		ADDED from src\main\AndroidManifest.xml:130:13-49
	android:configChanges
		ADDED from src\main\AndroidManifest.xml:129:13-74
	android:name
		ADDED from src\main\AndroidManifest.xml:128:13-65
activity#com.lxb.jyb.activity.Activity_GYWM
ADDED from src\main\AndroidManifest.xml:132:9-136:20
	android:screenOrientation
		ADDED from src\main\AndroidManifest.xml:135:13-49
	android:configChanges
		ADDED from src\main\AndroidManifest.xml:134:13-74
	android:name
		ADDED from src\main\AndroidManifest.xml:133:13-62
activity#com.lxb.jyb.activity.MainActivity
ADDED from src\main\AndroidManifest.xml:137:9-141:20
	android:screenOrientation
		ADDED from src\main\AndroidManifest.xml:140:13-49
	android:configChanges
		ADDED from src\main\AndroidManifest.xml:139:13-74
	android:name
		ADDED from src\main\AndroidManifest.xml:138:13-61
activity#com.lxb.jyb.activity.OrderActivity
ADDED from src\main\AndroidManifest.xml:142:9-146:20
	android:screenOrientation
		ADDED from src\main\AndroidManifest.xml:145:13-49
	android:configChanges
		ADDED from src\main\AndroidManifest.xml:144:13-74
	android:name
		ADDED from src\main\AndroidManifest.xml:143:13-62
activity#com.lxb.jyb.activity.CreateOrderActivity
ADDED from src\main\AndroidManifest.xml:147:9-151:20
	android:screenOrientation
		ADDED from src\main\AndroidManifest.xml:150:13-49
	android:configChanges
		ADDED from src\main\AndroidManifest.xml:149:13-74
	android:name
		ADDED from src\main\AndroidManifest.xml:148:13-68
activity#com.lxb.jyb.activity.Activity_UserInfo
ADDED from src\main\AndroidManifest.xml:152:9-156:20
	android:screenOrientation
		ADDED from src\main\AndroidManifest.xml:155:13-49
	android:configChanges
		ADDED from src\main\AndroidManifest.xml:154:13-74
	android:name
		ADDED from src\main\AndroidManifest.xml:153:13-66
activity#com.lxb.jyb.activity.OrderInfoActivity
ADDED from src\main\AndroidManifest.xml:157:9-161:20
	android:screenOrientation
		ADDED from src\main\AndroidManifest.xml:160:13-49
	android:configChanges
		ADDED from src\main\AndroidManifest.xml:159:13-74
	android:name
		ADDED from src\main\AndroidManifest.xml:158:13-66
activity#com.lxb.jyb.activity.MessageActivity
ADDED from src\main\AndroidManifest.xml:162:9-166:20
	android:screenOrientation
		ADDED from src\main\AndroidManifest.xml:165:13-49
	android:configChanges
		ADDED from src\main\AndroidManifest.xml:164:13-74
	android:name
		ADDED from src\main\AndroidManifest.xml:163:13-64
activity#com.lxb.jyb.activity.UserManageActivity
ADDED from src\main\AndroidManifest.xml:167:9-171:20
	android:screenOrientation
		ADDED from src\main\AndroidManifest.xml:170:13-49
	android:configChanges
		ADDED from src\main\AndroidManifest.xml:169:13-74
	android:name
		ADDED from src\main\AndroidManifest.xml:168:13-67
activity#com.lxb.jyb.activity.UserInfoActivity
ADDED from src\main\AndroidManifest.xml:172:9-176:20
	android:screenOrientation
		ADDED from src\main\AndroidManifest.xml:175:13-49
	android:configChanges
		ADDED from src\main\AndroidManifest.xml:174:13-74
	android:name
		ADDED from src\main\AndroidManifest.xml:173:13-65
activity#com.lxb.jyb.activity.UserAnalyzeActivity
ADDED from src\main\AndroidManifest.xml:177:9-181:20
	android:screenOrientation
		ADDED from src\main\AndroidManifest.xml:180:13-49
	android:configChanges
		ADDED from src\main\AndroidManifest.xml:179:13-74
	android:name
		ADDED from src\main\AndroidManifest.xml:178:13-68
activity#com.lxb.jyb.activity.JYBTOPActivity
ADDED from src\main\AndroidManifest.xml:182:9-186:20
	android:screenOrientation
		ADDED from src\main\AndroidManifest.xml:185:13-49
	android:configChanges
		ADDED from src\main\AndroidManifest.xml:184:13-74
	android:name
		ADDED from src\main\AndroidManifest.xml:183:13-63
activity#com.lxb.jyb.activity.CalShaiXuanActivity
ADDED from src\main\AndroidManifest.xml:187:9-191:20
	android:screenOrientation
		ADDED from src\main\AndroidManifest.xml:190:13-49
	android:configChanges
		ADDED from src\main\AndroidManifest.xml:189:13-74
	android:name
		ADDED from src\main\AndroidManifest.xml:188:13-68
activity#com.lxb.jyb.activity.XiangQingActivity
ADDED from src\main\AndroidManifest.xml:192:9-196:20
	android:screenOrientation
		ADDED from src\main\AndroidManifest.xml:195:13-49
	android:configChanges
		ADDED from src\main\AndroidManifest.xml:194:13-74
	android:name
		ADDED from src\main\AndroidManifest.xml:193:13-66
activity#com.lxb.jyb.activity.DJSActivity
ADDED from src\main\AndroidManifest.xml:197:9-201:20
	android:screenOrientation
		ADDED from src\main\AndroidManifest.xml:200:13-49
	android:configChanges
		ADDED from src\main\AndroidManifest.xml:199:13-74
	android:name
		ADDED from src\main\AndroidManifest.xml:198:13-60
activity#com.lxb.jyb.activity.HQSerchActivity
ADDED from src\main\AndroidManifest.xml:202:9-206:20
	android:screenOrientation
		ADDED from src\main\AndroidManifest.xml:205:13-49
	android:configChanges
		ADDED from src\main\AndroidManifest.xml:204:13-74
	android:name
		ADDED from src\main\AndroidManifest.xml:203:13-64
activity#com.lxb.jyb.activity.Directdirec_ParticularstActivity
ADDED from src\main\AndroidManifest.xml:207:9-211:20
	android:screenOrientation
		ADDED from src\main\AndroidManifest.xml:210:13-49
	android:configChanges
		ADDED from src\main\AndroidManifest.xml:209:13-74
	android:name
		ADDED from src\main\AndroidManifest.xml:208:13-81
activity#com.lxb.jyb.activity.HQXQActivity
ADDED from src\main\AndroidManifest.xml:212:9-216:20
	android:screenOrientation
		ADDED from src\main\AndroidManifest.xml:215:13-49
	android:configChanges
		ADDED from src\main\AndroidManifest.xml:214:13-74
	android:name
		ADDED from src\main\AndroidManifest.xml:213:13-61
activity#com.lxb.jyb.activity.XinWenFLAcitivity
ADDED from src\main\AndroidManifest.xml:217:9-221:20
	android:screenOrientation
		ADDED from src\main\AndroidManifest.xml:220:13-49
	android:configChanges
		ADDED from src\main\AndroidManifest.xml:219:13-74
	android:name
		ADDED from src\main\AndroidManifest.xml:218:13-66
activity#com.lxb.jyb.activity.XinWenWebActivity
ADDED from src\main\AndroidManifest.xml:222:9-226:20
	android:screenOrientation
		ADDED from src\main\AndroidManifest.xml:225:13-49
	android:configChanges
		ADDED from src\main\AndroidManifest.xml:224:13-74
	android:name
		ADDED from src\main\AndroidManifest.xml:223:13-66
activity#com.lxb.jyb.activity.XWSerchActivity
ADDED from src\main\AndroidManifest.xml:227:9-231:20
	android:screenOrientation
		ADDED from src\main\AndroidManifest.xml:230:13-49
	android:configChanges
		ADDED from src\main\AndroidManifest.xml:229:13-74
	android:name
		ADDED from src\main\AndroidManifest.xml:228:13-64
activity#com.lxb.jyb.activity.ZhiBoShaiXuanActivity
ADDED from src\main\AndroidManifest.xml:232:9-236:20
	android:screenOrientation
		ADDED from src\main\AndroidManifest.xml:235:13-49
	android:configChanges
		ADDED from src\main\AndroidManifest.xml:234:13-74
	android:name
		ADDED from src\main\AndroidManifest.xml:233:13-70
activity#com.lxb.jyb.activity.BDMT4Activity
ADDED from src\main\AndroidManifest.xml:237:9-241:20
	android:screenOrientation
		ADDED from src\main\AndroidManifest.xml:240:13-49
	android:configChanges
		ADDED from src\main\AndroidManifest.xml:239:13-74
	android:name
		ADDED from src\main\AndroidManifest.xml:238:13-62
activity#com.lxb.jyb.activity.CropImageActivity
ADDED from src\main\AndroidManifest.xml:242:9-246:20
	android:screenOrientation
		ADDED from src\main\AndroidManifest.xml:245:13-49
	android:configChanges
		ADDED from src\main\AndroidManifest.xml:244:13-74
	android:name
		ADDED from src\main\AndroidManifest.xml:243:13-66
activity#com.lxb.jyb.activity.CameraActivity
ADDED from src\main\AndroidManifest.xml:247:9-251:20
	android:screenOrientation
		ADDED from src\main\AndroidManifest.xml:250:13-49
	android:configChanges
		ADDED from src\main\AndroidManifest.xml:249:13-74
	android:name
		ADDED from src\main\AndroidManifest.xml:248:13-63
activity#com.lxb.jyb.activity.SelJYPZActivity
ADDED from src\main\AndroidManifest.xml:252:9-256:20
	android:screenOrientation
		ADDED from src\main\AndroidManifest.xml:255:13-49
	android:configChanges
		ADDED from src\main\AndroidManifest.xml:254:13-74
	android:name
		ADDED from src\main\AndroidManifest.xml:253:13-64
activity#com.lxb.jyb.activity.Activity_GuaDan
ADDED from src\main\AndroidManifest.xml:257:9-261:20
	android:screenOrientation
		ADDED from src\main\AndroidManifest.xml:260:13-49
	android:configChanges
		ADDED from src\main\AndroidManifest.xml:259:13-74
	android:name
		ADDED from src\main\AndroidManifest.xml:258:13-64
activity#com.lxb.jyb.activity.Activity_CreateGD
ADDED from src\main\AndroidManifest.xml:262:9-266:20
	android:screenOrientation
		ADDED from src\main\AndroidManifest.xml:265:13-49
	android:configChanges
		ADDED from src\main\AndroidManifest.xml:264:13-74
	android:name
		ADDED from src\main\AndroidManifest.xml:263:13-66
meta-data#UMENG_APPKEY
ADDED from src\main\AndroidManifest.xml:274:9-277:21
	android:name
		ADDED from src\main\AndroidManifest.xml:275:13-40
	android:value
		ADDED from src\main\AndroidManifest.xml:276:13-53
activity#com.umeng.socialize.view.ShareActivity
ADDED from src\main\AndroidManifest.xml:280:9-287:20
	android:windowSoftInputMode
		ADDED from src\main\AndroidManifest.xml:286:13-68
	android:noHistory
		ADDED from src\main\AndroidManifest.xml:284:13-37
	android:configChanges
		ADDED from src\main\AndroidManifest.xml:282:13-57
	android:theme
		ADDED from src\main\AndroidManifest.xml:285:13-50
	android:name
		ADDED from src\main\AndroidManifest.xml:281:13-66
	android:launchMode
		ADDED from src\main\AndroidManifest.xml:283:13-44
activity#com.tencent.tauth.AuthActivity
ADDED from src\main\AndroidManifest.xml:290:9-303:20
	android:noHistory
		ADDED from src\main\AndroidManifest.xml:293:13-37
	android:name
		ADDED from src\main\AndroidManifest.xml:291:13-58
	android:launchMode
		ADDED from src\main\AndroidManifest.xml:292:13-44
intent-filter#android.intent.action.VIEW+android.intent.category.BROWSABLE+android.intent.category.DEFAULT
ADDED from src\main\AndroidManifest.xml:294:13-302:29
action#android.intent.action.VIEW
ADDED from src\main\AndroidManifest.xml:295:17-69
	android:name
		ADDED from src\main\AndroidManifest.xml:295:25-66
category#android.intent.category.DEFAULT
ADDED from src\main\AndroidManifest.xml:297:17-76
	android:name
		ADDED from src\main\AndroidManifest.xml:297:27-73
category#android.intent.category.BROWSABLE
ADDED from src\main\AndroidManifest.xml:298:17-78
	android:name
		ADDED from src\main\AndroidManifest.xml:298:27-75
data
ADDED from src\main\AndroidManifest.xml:300:17-60
	android:scheme
		ADDED from src\main\AndroidManifest.xml:300:23-57
activity#com.tencent.connect.common.AssistActivity
ADDED from src\main\AndroidManifest.xml:304:9-307:75
	android:screenOrientation
		ADDED from src\main\AndroidManifest.xml:306:13-49
	android:theme
		ADDED from src\main\AndroidManifest.xml:307:13-72
	android:name
		ADDED from src\main\AndroidManifest.xml:305:13-69
activity#com.lxb.jyb.wiapi.WXEntryActivity
ADDED from src\main\AndroidManifest.xml:310:9-315:75
	android:screenOrientation
		ADDED from src\main\AndroidManifest.xml:314:13-49
	android:configChanges
		ADDED from src\main\AndroidManifest.xml:312:13-74
	android:theme
		ADDED from src\main\AndroidManifest.xml:315:13-72
	android:exported
		ADDED from src\main\AndroidManifest.xml:313:13-36
	android:name
		ADDED from src\main\AndroidManifest.xml:311:13-61
activity#cn.sharesdk.tencent.qq.ResultReceiver
ADDED from src\main\AndroidManifest.xml:317:9-329:20
	android:noHistory
		ADDED from src\main\AndroidManifest.xml:320:13-37
	android:name
		ADDED from src\main\AndroidManifest.xml:318:13-65
	android:launchMode
		ADDED from src\main\AndroidManifest.xml:319:13-44
activity#com.lxb.jyb.apshare.ShareEntryActivity
ADDED from src\main\AndroidManifest.xml:331:9-335:75
	android:configChanges
		ADDED from src\main\AndroidManifest.xml:333:13-74
	android:theme
		ADDED from src\main\AndroidManifest.xml:335:13-72
	android:exported
		ADDED from src\main\AndroidManifest.xml:334:13-36
	android:name
		ADDED from src\main\AndroidManifest.xml:332:13-55
meta-data#com.google.android.gms.version
ADDED from src\main\AndroidManifest.xml:338:9-340:69
	android:name
		ADDED from src\main\AndroidManifest.xml:339:13-58
	android:value
		ADDED from src\main\AndroidManifest.xml:340:13-66
uses-permission#android.permission.ACCESS_NETWORK_STATE
ADDED from src\main\AndroidManifest.xml:345:5-79
	android:name
		ADDED from src\main\AndroidManifest.xml:345:22-76
uses-permission#android.permission.INTERNET
ADDED from src\main\AndroidManifest.xml:346:5-67
	android:name
		ADDED from src\main\AndroidManifest.xml:346:22-64
uses-permission#android.permission.VIBRATE
ADDED from src\main\AndroidManifest.xml:347:5-66
	android:name
		ADDED from src\main\AndroidManifest.xml:347:22-63
uses-permission#android.permission.RECEIVE_SMS
ADDED from src\main\AndroidManifest.xml:348:5-70
	android:name
		ADDED from src\main\AndroidManifest.xml:348:22-67
uses-permission#android.permission.SEND_SMS
ADDED from src\main\AndroidManifest.xml:349:5-67
	android:name
		ADDED from src\main\AndroidManifest.xml:349:22-64
uses-permission#android.permission.ACCESS_WIFI_STATE
ADDED from src\main\AndroidManifest.xml:357:5-76
	android:name
		ADDED from src\main\AndroidManifest.xml:357:22-73
uses-permission#android.permission.READ_PHONE_STATE
ADDED from src\main\AndroidManifest.xml:359:5-75
	android:name
		ADDED from src\main\AndroidManifest.xml:359:22-72
uses-permission#android.permission.WRITE_EXTERNAL_STORAGE
ADDED from src\main\AndroidManifest.xml:361:5-81
	android:name
		ADDED from src\main\AndroidManifest.xml:361:22-78
uses-permission#android.permission.READ_EXTERNAL_STORAGE
ADDED from src\main\AndroidManifest.xml:362:5-80
	android:name
		ADDED from src\main\AndroidManifest.xml:362:22-77
uses-permission#android.permission.GET_TASKS
ADDED from src\main\AndroidManifest.xml:366:5-68
	android:name
		ADDED from src\main\AndroidManifest.xml:366:22-65
uses-permission#android.permission.READ_LOGS
ADDED from src\main\AndroidManifest.xml:369:5-68
	android:name
		ADDED from src\main\AndroidManifest.xml:369:22-65
uses-permission#android.permission.ACCESS_FINE_LOCATION
ADDED from src\main\AndroidManifest.xml:370:5-79
	android:name
		ADDED from src\main\AndroidManifest.xml:370:22-76
uses-permission#android.permission.ACCESS_COARSE_LOCATION
ADDED from src\main\AndroidManifest.xml:371:5-81
	android:name
		ADDED from src\main\AndroidManifest.xml:371:22-78
uses-permission#android.permission.SET_DEBUG_APP
ADDED from src\main\AndroidManifest.xml:375:5-72
	android:name
		ADDED from src\main\AndroidManifest.xml:375:22-69
uses-permission#android.permission.SYSTEM_ALERT_WINDOW
ADDED from src\main\AndroidManifest.xml:376:5-78
	android:name
		ADDED from src\main\AndroidManifest.xml:376:22-75
uses-permission#android.permission.GET_ACCOUNTS
ADDED from src\main\AndroidManifest.xml:377:5-71
	android:name
		ADDED from src\main\AndroidManifest.xml:377:22-68
uses-permission#android.permission.USE_CREDENTIALS
ADDED from src\main\AndroidManifest.xml:378:5-74
	android:name
		ADDED from src\main\AndroidManifest.xml:378:22-71
uses-permission#android.permission.MANAGE_ACCOUNTS
ADDED from src\main\AndroidManifest.xml:379:5-74
	android:name
		ADDED from src\main\AndroidManifest.xml:379:22-71
uses-permission#android.permission.ACTION_INPUT_METHOD_CHANGED
ADDED from src\main\AndroidManifest.xml:380:5-86
	android:name
		ADDED from src\main\AndroidManifest.xml:380:22-83
uses-permission#com.jhcj.whjyb.permission.JPUSH_MESSAGE
ADDED from src\main\AndroidManifest.xml:383:5-79
	android:name
		ADDED from src\main\AndroidManifest.xml:383:22-76
uses-permission#android.permission.RECEIVE_USER_PRESENT
ADDED from src\main\AndroidManifest.xml:384:5-79
	android:name
		ADDED from src\main\AndroidManifest.xml:384:22-76
uses-permission#android.permission.WAKE_LOCK
ADDED from src\main\AndroidManifest.xml:385:5-68
	android:name
		ADDED from src\main\AndroidManifest.xml:385:22-65
uses-permission#android.permission.WRITE_SETTINGS
ADDED from src\main\AndroidManifest.xml:389:5-73
	android:name
		ADDED from src\main\AndroidManifest.xml:389:22-70
uses-permission#android.permission.MOUNT_UNMOUNT_FILESYSTEMS
ADDED from src\main\AndroidManifest.xml:391:5-84
	android:name
		ADDED from src\main\AndroidManifest.xml:391:22-81
uses-permission#android.permission.CHANGE_WIFI_STATE
ADDED from src\main\AndroidManifest.xml:398:5-76
	android:name
		ADDED from src\main\AndroidManifest.xml:398:22-73
uses-permission#android.permission.ACCESS_LOCATION_EXTRA_COMMANDS
ADDED from src\main\AndroidManifest.xml:400:5-89
	android:name
		ADDED from src\main\AndroidManifest.xml:400:22-86
uses-permission#android.permission.CHANGE_NETWORK_STATE
ADDED from src\main\AndroidManifest.xml:401:5-79
	android:name
		ADDED from src\main\AndroidManifest.xml:401:22-76
uses-permission#android.permission.CAMERA
ADDED from src\main\AndroidManifest.xml:402:5-65
	android:name
		ADDED from src\main\AndroidManifest.xml:402:22-62
uses-feature#android.hardware.camera
ADDED from src\main\AndroidManifest.xml:404:5-60
	android:name
		ADDED from src\main\AndroidManifest.xml:404:19-57
uses-feature#android.hardware.camera.autofocus
ADDED from src\main\AndroidManifest.xml:405:5-70
	android:name
		ADDED from src\main\AndroidManifest.xml:405:19-67